<?xml version='1.0'?>
<ns2:test-suite xmlns:ns2='urn:model.allure.qatools.yandex.ru' start='1655274943941' stop='1655274945481'>
    <name>Test Herokuapp login page: Log in Herokuapp</name>
    <title>Test Herokuapp login page: Log in Herokuapp</title>
    <test-cases>
        <test-case start='1655274943943' status='passed' stop='1655274943947'>
            <name></name>
            <title></title>
            <labels>
                <label name='language' value='javascript'/>
                <label name='framework' value='wdio'/>
                <label name='thread' value='0-1'/>
            </labels>
            <parameters>
                <parameter kind='argument' name='browser' value='chrome-102.0.5005.115'/>
            </parameters>
            <steps/>
            <attachments/>
        </test-case>
        <test-case start='1655274943948' status='failed' stop='1655274945474'>
            <name>Given I'm at the Herokuapp login page</name>
            <title>Given I'm at the Herokuapp login page</title>
            <labels>
                <label name='language' value='javascript'/>
                <label name='framework' value='wdio'/>
                <label name='thread' value='0-1'/>
            </labels>
            <parameters>
                <parameter kind='argument' name='browser' value='chrome-102.0.5005.115'/>
            </parameters>
            <steps>
                <step start='1655274943955' status='passed' stop='1655274945456'>
                    <name>POST /session/:sessionId/url</name>
                    <title>POST /session/:sessionId/url</title>
                    <attachments>
                        <attachment title='Request' source='ea3325da-2f57-4209-8774-89da97736c2a-attachment.json' type='application/json' size='54'/>
                    </attachments>
                    <steps/>
                </step>
                <step start='1655274945462' status='failed' stop='1655274945473'>
                    <name>GET /session/:sessionId/url</name>
                    <title>GET /session/:sessionId/url</title>
                    <attachments/>
                    <steps/>
                </step>
            </steps>
            <attachments/>
            <failure>
                <message>AssertionError: expected Promise{…} to equal 'https://the-internet.herokuapp.com/lo…'</message>
                <stack-trace>AssertionError: expected Promise{…} to equal 'https://the-internet.herokuapp.com/lo…'
                    at World.&lt;anonymous> (C:\GIT\WDIOCucumber\test\features\step-definitions\login.page.ts:10:25)
                    at processTicksAndRejections (node:internal/process/task_queues:96:5)</stack-trace>
            </failure>
        </test-case>
        <test-case start='1655274945474' status='pending' stop='1655274945475'>
            <name>And I enter the username</name>
            <title>And I enter the username</title>
            <labels>
                <label name='language' value='javascript'/>
                <label name='framework' value='wdio'/>
                <label name='thread' value='0-1'/>
            </labels>
            <parameters>
                <parameter kind='argument' name='browser' value='chrome-102.0.5005.115'/>
            </parameters>
            <steps/>
            <attachments/>
        </test-case>
        <test-case start='1655274945475' status='pending' stop='1655274945477'>
            <name>And I enter the password</name>
            <title>And I enter the password</title>
            <labels>
                <label name='language' value='javascript'/>
                <label name='framework' value='wdio'/>
                <label name='thread' value='0-1'/>
            </labels>
            <parameters>
                <parameter kind='argument' name='browser' value='chrome-102.0.5005.115'/>
            </parameters>
            <steps/>
            <attachments/>
        </test-case>
        <test-case start='1655274945477' status='pending' stop='1655274945477'>
            <name>When I click on the login button</name>
            <title>When I click on the login button</title>
            <labels>
                <label name='language' value='javascript'/>
                <label name='framework' value='wdio'/>
                <label name='thread' value='0-1'/>
            </labels>
            <parameters>
                <parameter kind='argument' name='browser' value='chrome-102.0.5005.115'/>
            </parameters>
            <steps/>
            <attachments/>
        </test-case>
        <test-case start='1655274945478' status='passed' stop='1655274945480'>
            <name></name>
            <title></title>
            <labels>
                <label name='language' value='javascript'/>
                <label name='framework' value='wdio'/>
                <label name='thread' value='0-1'/>
            </labels>
            <parameters>
                <parameter kind='argument' name='browser' value='chrome-102.0.5005.115'/>
            </parameters>
            <steps/>
            <attachments/>
        </test-case>
    </test-cases>
</ns2:test-suite>